# JRE version: Java(TM) SE Runtime Environment (7.0_71-b14) (build 1.7.0_71-b14)
# Java VM: Java HotSpot(TM) Client VM (24.71-b01 mixed mode, sharing windows-x86 )
Heap
 def new generation   total 4928K, used 3426K [0x24200000, 0x24750000, 0x29750000)
  eden space 4416K,  68% used [0x24200000, 0x244f4960, 0x24650000)
  from space 512K,  78% used [0x24650000, 0x246b4048, 0x246d0000)
  to   space 512K,   0% used [0x246d0000, 0x246d0000, 0x24750000)
 tenured generation   total 10944K, used 9194K [0x29750000, 0x2a200000, 0x34200000)
   the space 10944K,  84% used [0x29750000, 0x2a04aaa0, 0x2a04ac00, 0x2a200000)
 compacting perm gen  total 12288K, used 5597K [0x34200000, 0x34e00000, 0x38200000)
   the space 12288K,  45% used [0x34200000, 0x34777640, 0x34777800, 0x34e00000)
    ro space 10240K,  44% used [0x38200000, 0x3867aee0, 0x3867b000, 0x38c00000)
    rw space 12288K,  52% used [0x38c00000, 0x39242e10, 0x39243000, 0x39800000)
GC Heap History (10 events):
Event: 18.038 GC heap before
{Heap before GC invocations=25 (full 0):
 def new generation   total 4928K, used 4501K [0x24200000, 0x24750000, 0x29750000)
  eden space 4416K,  92% used [0x24200000, 0x24601730, 0x24650000)
  from space 512K,  78% used [0x246d0000, 0x24734048, 0x24750000)
  to   space 512K,   0% used [0x24650000, 0x24650000, 0x246d0000)
 tenured generation   total 10944K, used 9194K [0x29750000, 0x2a200000, 0x34200000)
   the space 10944K,  84% used [0x29750000, 0x2a04a9b0, 0x2a04aa00, 0x2a200000)
 compacting perm gen  total 12288K, used 5566K [0x34200000, 0x34e00000, 0x38200000)
   the space 12288K,  45% used [0x34200000, 0x3476f868, 0x3476fa00, 0x34e00000)
    ro space 10240K,  44% used [0x38200000, 0x3867aee0, 0x3867b000, 0x38c00000)
    rw space 12288K,  52% used [0x38c00000, 0x39242e10, 0x39243000, 0x39800000)
Event: 18.040 GC heap after
Heap after GC invocations=26 (full 0):
 def new generation   total 4928K, used 400K [0x24200000, 0x24750000, 0x29750000)
  eden space 4416K,   0% used [0x24200000, 0x24200000, 0x24650000)
  from space 512K,  78% used [0x24650000, 0x246b4048, 0x246d0000)
  to   space 512K,   0% used [0x246d0000, 0x246d0000, 0x24750000)
 tenured generation   total 10944K, used 9194K [0x29750000, 0x2a200000, 0x34200000)
   the space 10944K,  84% used [0x29750000, 0x2a04a9e0, 0x2a04aa00, 0x2a200000)
 compacting perm gen  total 12288K, used 5566K [0x34200000, 0x34e00000, 0x38200000)
   the space 12288K,  45% used [0x34200000, 0x3476f868, 0x3476fa00, 0x34e00000)
    ro space 10240K,  44% used [0x38200000, 0x3867aee0, 0x3867b000, 0x38c00000)
    rw space 12288K,  52% used [0x38c00000, 0x39242e10, 0x39243000, 0x39800000)
}
Event: 19.078 GC heap before
{Heap before GC invocations=26 (full 0):
 def new generation   total 4928K, used 4501K [0x24200000, 0x24750000, 0x29750000)
  eden space 4416K,  92% used [0x24200000, 0x24601438, 0x24650000)
  from space 512K,  78% used [0x24650000, 0x246b4048, 0x246d0000)
  to   space 512K,   0% used [0x246d0000, 0x246d0000, 0x24750000)
 tenured generation   total 10944K, used 9194K [0x29750000, 0x2a200000, 0x34200000)
   the space 10944K,  84% used [0x29750000, 0x2a04a9e0, 0x2a04aa00, 0x2a200000)
 compacting perm gen  total 12288K, used 5566K [0x34200000, 0x34e00000, 0x38200000)
   the space 12288K,  45% used [0x34200000, 0x3476f868, 0x3476fa00, 0x34e00000)
    ro space 10240K,  44% used [0x38200000, 0x3867aee0, 0x3867b000, 0x38c00000)
    rw space 12288K,  52% used [0x38c00000, 0x39242e10, 0x39243000, 0x39800000)
Event: 19.080 GC heap after
Heap after GC invocations=27 (full 0):
 def new generation   total 4928K, used 400K [0x24200000, 0x24750000, 0x29750000)
  eden space 4416K,   0% used [0x24200000, 0x24200000, 0x24650000)
  from space 512K,  78% used [0x246d0000, 0x24734048, 0x24750000)
  to   space 512K,   0% used [0x24650000, 0x24650000, 0x246d0000)
 tenured generation   total 10944K, used 9194K [0x29750000, 0x2a200000, 0x34200000)
   the space 10944K,  84% used [0x29750000, 0x2a04aa10, 0x2a04ac00, 0x2a200000)
 compacting perm gen  total 12288K, used 5566K [0x34200000, 0x34e00000, 0x38200000)
   the space 12288K,  45% used [0x34200000, 0x3476f868, 0x3476fa00, 0x34e00000)
    ro space 10240K,  44% used [0x38200000, 0x3867aee0, 0x3867b000, 0x38c00000)
    rw space 12288K,  52% used [0x38c00000, 0x39242e10, 0x39243000, 0x39800000)
}
Event: 20.089 GC heap before
{Heap before GC invocations=27 (full 0):
 def new generation   total 4928K, used 4501K [0x24200000, 0x24750000, 0x29750000)
  eden space 4416K,  92% used [0x24200000, 0x246013c8, 0x24650000)
  from space 512K,  78% used [0x246d0000, 0x24734048, 0x24750000)
  to   space 512K,   0% used [0x24650000, 0x24650000, 0x246d0000)
 tenured generation   total 10944K, used 9194K [0x29750000, 0x2a200000, 0x34200000)
   the space 10944K,  84% used [0x29750000, 0x2a04aa10, 0x2a04ac00, 0x2a200000)
 compacting perm gen  total 12288K, used 5566K [0x34200000, 0x34e00000, 0x38200000)
   the space 12288K,  45% used [0x34200000, 0x3476f868, 0x3476fa00, 0x34e00000)
    ro space 10240K,  44% used [0x38200000, 0x3867aee0, 0x3867b000, 0x38c00000)
    rw space 12288K,  52% used [0x38c00000, 0x39242e10, 0x39243000, 0x39800000)
Event: 20.090 GC heap after
Heap after GC invocations=28 (full 0):
 def new generation   total 4928K, used 400K [0x24200000, 0x24750000, 0x29750000)
  eden space 4416K,   0% used [0x24200000, 0x24200000, 0x24650000)
  from space 512K,  78% used [0x24650000, 0x246b4048, 0x246d0000)
  to   space 512K,   0% used [0x246d0000, 0x246d0000, 0x24750000)
 tenured generation   total 10944K, used 9194K [0x29750000, 0x2a200000, 0x34200000)
   the space 10944K,  84% used [0x29750000, 0x2a04aa40, 0x2a04ac00, 0x2a200000)
 compacting perm gen  total 12288K, used 5566K [0x34200000, 0x34e00000, 0x38200000)
   the space 12288K,  45% used [0x34200000, 0x3476f868, 0x3476fa00, 0x34e00000)
    ro space 10240K,  44% used [0x38200000, 0x3867aee0, 0x3867b000, 0x38c00000)
    rw space 12288K,  52% used [0x38c00000, 0x39242e10, 0x39243000, 0x39800000)
}
Event: 20.886 GC heap before
{Heap before GC invocations=28 (full 0):
 def new generation   total 4928K, used 4500K [0x24200000, 0x24750000, 0x29750000)
  eden space 4416K,  92% used [0x24200000, 0x24601250, 0x24650000)
  from space 512K,  78% used [0x24650000, 0x246b4048, 0x246d0000)
  to   space 512K,   0% used [0x246d0000, 0x246d0000, 0x24750000)
 tenured generation   total 10944K, used 9194K [0x29750000, 0x2a200000, 0x34200000)
   the space 10944K,  84% used [0x29750000, 0x2a04aa40, 0x2a04ac00, 0x2a200000)
 compacting perm gen  total 12288K, used 5566K [0x34200000, 0x34e00000, 0x38200000)
   the space 12288K,  45% used [0x34200000, 0x3476f868, 0x3476fa00, 0x34e00000)
    ro space 10240K,  44% used [0x38200000, 0x3867aee0, 0x3867b000, 0x38c00000)
    rw space 12288K,  52% used [0x38c00000, 0x39242e10, 0x39243000, 0x39800000)
Event: 20.887 GC heap after
Heap after GC invocations=29 (full 0):
 def new generation   total 4928K, used 400K [0x24200000, 0x24750000, 0x29750000)
  eden space 4416K,   0% used [0x24200000, 0x24200000, 0x24650000)
  from space 512K,  78% used [0x246d0000, 0x24734048, 0x24750000)
  to   space 512K,   0% used [0x24650000, 0x24650000, 0x246d0000)
 tenured generation   total 10944K, used 9194K [0x29750000, 0x2a200000, 0x34200000)
   the space 10944K,  84% used [0x29750000, 0x2a04aa70, 0x2a04ac00, 0x2a200000)
 compacting perm gen  total 12288K, used 5566K [0x34200000, 0x34e00000, 0x38200000)
   the space 12288K,  45% used [0x34200000, 0x3476f868, 0x3476fa00, 0x34e00000)
    ro space 10240K,  44% used [0x38200000, 0x3867aee0, 0x3867b000, 0x38c00000)
    rw space 12288K,  52% used [0x38c00000, 0x39242e10, 0x39243000, 0x39800000)
}
Event: 21.387 GC heap before
{Heap before GC invocations=29 (full 0):
 def new generation   total 4928K, used 4498K [0x24200000, 0x24750000, 0x29750000)
  eden space 4416K,  92% used [0x24200000, 0x24600a10, 0x24650000)
  from space 512K,  78% used [0x246d0000, 0x24734048, 0x24750000)
  to   space 512K,   0% used [0x24650000, 0x24650000, 0x246d0000)
 tenured generation   total 10944K, used 9194K [0x29750000, 0x2a200000, 0x34200000)
   the space 10944K,  84% used [0x29750000, 0x2a04aa70, 0x2a04ac00, 0x2a200000)
 compacting perm gen  total 12288K, used 5566K [0x34200000, 0x34e00000, 0x38200000)
   the space 12288K,  45% used [0x34200000, 0x3476f868, 0x3476fa00, 0x34e00000)
    ro space 10240K,  44% used [0x38200000, 0x3867aee0, 0x3867b000, 0x38c00000)
    rw space 12288K,  52% used [0x38c00000, 0x39242e10, 0x39243000, 0x39800000)
Event: 21.388 GC heap after
Heap after GC invocations=30 (full 0):
 def new generation   total 4928K, used 400K [0x24200000, 0x24750000, 0x29750000)
  eden space 4416K,   0% used [0x24200000, 0x24200000, 0x24650000)
  from space 512K,  78% used [0x24650000, 0x246b4048, 0x246d0000)
  to   space 512K,   0% used [0x246d0000, 0x246d0000, 0x24750000)
 tenured generation   total 10944K, used 9194K [0x29750000, 0x2a200000, 0x34200000)
   the space 10944K,  84% used [0x29750000, 0x2a04aaa0, 0x2a04ac00, 0x2a200000)
 compacting perm gen  total 12288K, used 5566K [0x34200000, 0x34e00000, 0x38200000)
   the space 12288K,  45% used [0x34200000, 0x3476f868, 0x3476fa00, 0x34e00000)
    ro space 10240K,  44% used [0x38200000, 0x3867aee0, 0x3867b000, 0x38c00000)
    rw space 12288K,  52% used [0x38c00000, 0x39242e10, 0x39243000, 0x39800000)
}

