# JRE version: Java(TM) SE Runtime Environment (7.0_71-b14) (build 1.7.0_71-b14)
# Java VM: Java HotSpot(TM) Client VM (24.71-b01 mixed mode, sharing windows-x86 )
Heap
 def new generation   total 4928K, used 3569K [0x24200000, 0x24750000, 0x29750000)
  eden space 4416K,  71% used [0x24200000, 0x245186e0, 0x24650000)
  from space 512K,  78% used [0x24650000, 0x246b4048, 0x246d0000)
  to   space 512K,   0% used [0x246d0000, 0x246d0000, 0x24750000)
 tenured generation   total 10944K, used 10316K [0x29750000, 0x2a200000, 0x34200000)
   the space 10944K,  94% used [0x29750000, 0x2a163338, 0x2a163400, 0x2a200000)
 compacting perm gen  total 12288K, used 5597K [0x34200000, 0x34e00000, 0x38200000)
   the space 12288K,  45% used [0x34200000, 0x347775a8, 0x34777600, 0x34e00000)
    ro space 10240K,  44% used [0x38200000, 0x3867aee0, 0x3867b000, 0x38c00000)
    rw space 12288K,  52% used [0x38c00000, 0x39242e10, 0x39243000, 0x39800000)
GC Heap History (10 events):
Event: 15.445 GC heap before
{Heap before GC invocations=21 (full 0):
 def new generation   total 4928K, used 4502K [0x24200000, 0x24750000, 0x29750000)
  eden space 4416K,  92% used [0x24200000, 0x24601af0, 0x24650000)
  from space 512K,  78% used [0x246d0000, 0x24734048, 0x24750000)
  to   space 512K,   0% used [0x24650000, 0x24650000, 0x246d0000)
 tenured generation   total 10944K, used 10316K [0x29750000, 0x2a200000, 0x34200000)
   the space 10944K,  94% used [0x29750000, 0x2a163248, 0x2a163400, 0x2a200000)
 compacting perm gen  total 12288K, used 5565K [0x34200000, 0x34e00000, 0x38200000)
   the space 12288K,  45% used [0x34200000, 0x3476f7e0, 0x3476f800, 0x34e00000)
    ro space 10240K,  44% used [0x38200000, 0x3867aee0, 0x3867b000, 0x38c00000)
    rw space 12288K,  52% used [0x38c00000, 0x39242e10, 0x39243000, 0x39800000)
Event: 15.446 GC heap after
Heap after GC invocations=22 (full 0):
 def new generation   total 4928K, used 400K [0x24200000, 0x24750000, 0x29750000)
  eden space 4416K,   0% used [0x24200000, 0x24200000, 0x24650000)
  from space 512K,  78% used [0x24650000, 0x246b4048, 0x246d0000)
  to   space 512K,   0% used [0x246d0000, 0x246d0000, 0x24750000)
 tenured generation   total 10944K, used 10316K [0x29750000, 0x2a200000, 0x34200000)
   the space 10944K,  94% used [0x29750000, 0x2a163278, 0x2a163400, 0x2a200000)
 compacting perm gen  total 12288K, used 5565K [0x34200000, 0x34e00000, 0x38200000)
   the space 12288K,  45% used [0x34200000, 0x3476f7e0, 0x3476f800, 0x34e00000)
    ro space 10240K,  44% used [0x38200000, 0x3867aee0, 0x3867b000, 0x38c00000)
    rw space 12288K,  52% used [0x38c00000, 0x39242e10, 0x39243000, 0x39800000)
}
Event: 16.053 GC heap before
{Heap before GC invocations=22 (full 0):
 def new generation   total 4928K, used 4502K [0x24200000, 0x24750000, 0x29750000)
  eden space 4416K,  92% used [0x24200000, 0x24601af0, 0x24650000)
  from space 512K,  78% used [0x24650000, 0x246b4048, 0x246d0000)
  to   space 512K,   0% used [0x246d0000, 0x246d0000, 0x24750000)
 tenured generation   total 10944K, used 10316K [0x29750000, 0x2a200000, 0x34200000)
   the space 10944K,  94% used [0x29750000, 0x2a163278, 0x2a163400, 0x2a200000)
 compacting perm gen  total 12288K, used 5565K [0x34200000, 0x34e00000, 0x38200000)
   the space 12288K,  45% used [0x34200000, 0x3476f7e0, 0x3476f800, 0x34e00000)
    ro space 10240K,  44% used [0x38200000, 0x3867aee0, 0x3867b000, 0x38c00000)
    rw space 12288K,  52% used [0x38c00000, 0x39242e10, 0x39243000, 0x39800000)
Event: 16.054 GC heap after
Heap after GC invocations=23 (full 0):
 def new generation   total 4928K, used 400K [0x24200000, 0x24750000, 0x29750000)
  eden space 4416K,   0% used [0x24200000, 0x24200000, 0x24650000)
  from space 512K,  78% used [0x246d0000, 0x24734048, 0x24750000)
  to   space 512K,   0% used [0x24650000, 0x24650000, 0x246d0000)
 tenured generation   total 10944K, used 10316K [0x29750000, 0x2a200000, 0x34200000)
   the space 10944K,  94% used [0x29750000, 0x2a1632a8, 0x2a163400, 0x2a200000)
 compacting perm gen  total 12288K, used 5565K [0x34200000, 0x34e00000, 0x38200000)
   the space 12288K,  45% used [0x34200000, 0x3476f7e0, 0x3476f800, 0x34e00000)
    ro space 10240K,  44% used [0x38200000, 0x3867aee0, 0x3867b000, 0x38c00000)
    rw space 12288K,  52% used [0x38c00000, 0x39242e10, 0x39243000, 0x39800000)
}
Event: 16.566 GC heap before
{Heap before GC invocations=23 (full 0):
 def new generation   total 4928K, used 4499K [0x24200000, 0x24750000, 0x29750000)
  eden space 4416K,  92% used [0x24200000, 0x24600d38, 0x24650000)
  from space 512K,  78% used [0x246d0000, 0x24734048, 0x24750000)
  to   space 512K,   0% used [0x24650000, 0x24650000, 0x246d0000)
 tenured generation   total 10944K, used 10316K [0x29750000, 0x2a200000, 0x34200000)
   the space 10944K,  94% used [0x29750000, 0x2a1632a8, 0x2a163400, 0x2a200000)
 compacting perm gen  total 12288K, used 5565K [0x34200000, 0x34e00000, 0x38200000)
   the space 12288K,  45% used [0x34200000, 0x3476f7e0, 0x3476f800, 0x34e00000)
    ro space 10240K,  44% used [0x38200000, 0x3867aee0, 0x3867b000, 0x38c00000)
    rw space 12288K,  52% used [0x38c00000, 0x39242e10, 0x39243000, 0x39800000)
Event: 16.567 GC heap after
Heap after GC invocations=24 (full 0):
 def new generation   total 4928K, used 400K [0x24200000, 0x24750000, 0x29750000)
  eden space 4416K,   0% used [0x24200000, 0x24200000, 0x24650000)
  from space 512K,  78% used [0x24650000, 0x246b4048, 0x246d0000)
  to   space 512K,   0% used [0x246d0000, 0x246d0000, 0x24750000)
 tenured generation   total 10944K, used 10316K [0x29750000, 0x2a200000, 0x34200000)
   the space 10944K,  94% used [0x29750000, 0x2a1632d8, 0x2a163400, 0x2a200000)
 compacting perm gen  total 12288K, used 5565K [0x34200000, 0x34e00000, 0x38200000)
   the space 12288K,  45% used [0x34200000, 0x3476f7e0, 0x3476f800, 0x34e00000)
    ro space 10240K,  44% used [0x38200000, 0x3867aee0, 0x3867b000, 0x38c00000)
    rw space 12288K,  52% used [0x38c00000, 0x39242e10, 0x39243000, 0x39800000)
}
Event: 17.312 GC heap before
{Heap before GC invocations=24 (full 0):
 def new generation   total 4928K, used 4501K [0x24200000, 0x24750000, 0x29750000)
  eden space 4416K,  92% used [0x24200000, 0x246015f0, 0x24650000)
  from space 512K,  78% used [0x24650000, 0x246b4048, 0x246d0000)
  to   space 512K,   0% used [0x246d0000, 0x246d0000, 0x24750000)
 tenured generation   total 10944K, used 10316K [0x29750000, 0x2a200000, 0x34200000)
   the space 10944K,  94% used [0x29750000, 0x2a1632d8, 0x2a163400, 0x2a200000)
 compacting perm gen  total 12288K, used 5565K [0x34200000, 0x34e00000, 0x38200000)
   the space 12288K,  45% used [0x34200000, 0x3476f7e0, 0x3476f800, 0x34e00000)
    ro space 10240K,  44% used [0x38200000, 0x3867aee0, 0x3867b000, 0x38c00000)
    rw space 12288K,  52% used [0x38c00000, 0x39242e10, 0x39243000, 0x39800000)
Event: 17.314 GC heap after
Heap after GC invocations=25 (full 0):
 def new generation   total 4928K, used 400K [0x24200000, 0x24750000, 0x29750000)
  eden space 4416K,   0% used [0x24200000, 0x24200000, 0x24650000)
  from space 512K,  78% used [0x246d0000, 0x24734048, 0x24750000)
  to   space 512K,   0% used [0x24650000, 0x24650000, 0x246d0000)
 tenured generation   total 10944K, used 10316K [0x29750000, 0x2a200000, 0x34200000)
   the space 10944K,  94% used [0x29750000, 0x2a163308, 0x2a163400, 0x2a200000)
 compacting perm gen  total 12288K, used 5565K [0x34200000, 0x34e00000, 0x38200000)
   the space 12288K,  45% used [0x34200000, 0x3476f7e0, 0x3476f800, 0x34e00000)
    ro space 10240K,  44% used [0x38200000, 0x3867aee0, 0x3867b000, 0x38c00000)
    rw space 12288K,  52% used [0x38c00000, 0x39242e10, 0x39243000, 0x39800000)
}
Event: 18.314 GC heap before
{Heap before GC invocations=25 (full 0):
 def new generation   total 4928K, used 4501K [0x24200000, 0x24750000, 0x29750000)
  eden space 4416K,  92% used [0x24200000, 0x246014c0, 0x24650000)
  from space 512K,  78% used [0x246d0000, 0x24734048, 0x24750000)
  to   space 512K,   0% used [0x24650000, 0x24650000, 0x246d0000)
 tenured generation   total 10944K, used 10316K [0x29750000, 0x2a200000, 0x34200000)
   the space 10944K,  94% used [0x29750000, 0x2a163308, 0x2a163400, 0x2a200000)
 compacting perm gen  total 12288K, used 5565K [0x34200000, 0x34e00000, 0x38200000)
   the space 12288K,  45% used [0x34200000, 0x3476f7e0, 0x3476f800, 0x34e00000)
    ro space 10240K,  44% used [0x38200000, 0x3867aee0, 0x3867b000, 0x38c00000)
    rw space 12288K,  52% used [0x38c00000, 0x39242e10, 0x39243000, 0x39800000)
Event: 18.315 GC heap after
Heap after GC invocations=26 (full 0):
 def new generation   total 4928K, used 400K [0x24200000, 0x24750000, 0x29750000)
  eden space 4416K,   0% used [0x24200000, 0x24200000, 0x24650000)
  from space 512K,  78% used [0x24650000, 0x246b4048, 0x246d0000)
  to   space 512K,   0% used [0x246d0000, 0x246d0000, 0x24750000)
 tenured generation   total 10944K, used 10316K [0x29750000, 0x2a200000, 0x34200000)
   the space 10944K,  94% used [0x29750000, 0x2a163338, 0x2a163400, 0x2a200000)
 compacting perm gen  total 12288K, used 5565K [0x34200000, 0x34e00000, 0x38200000)
   the space 12288K,  45% used [0x34200000, 0x3476f7e0, 0x3476f800, 0x34e00000)
    ro space 10240K,  44% used [0x38200000, 0x3867aee0, 0x3867b000, 0x38c00000)
    rw space 12288K,  52% used [0x38c00000, 0x39242e10, 0x39243000, 0x39800000)
}

